<?xml version='1.0' encoding='UTF-8'?>
<testsuite hostname="laniakea" name="edu.uoc.epcsd.course.infrastructure.microcredential.MicrocredentialClientSuite" tests="3" errors="0" failures="0" skipped="0" time="0.453" timestamp="2026-09-04T10:06:08">
          <properties>
[...]
</properties>
          <testcase classname="edu.uoc.epcsd.course.infrastructure.microcredential.MicrocredentialClientSuite" name="retries on 5xx and succeeds" time="0.308">
                      
                    </testcase><testcase classname="edu.uoc.epcsd.course.infrastructure.microcredential.MicrocredentialClientSuite" name="fails with MicrocredentialServiceUnavailable after exhausting retries" time="0.143">
                      
                    </testcase><testcase classname="edu.uoc.epcsd.course.infrastructure.microcredential.MicrocredentialClientSuite" name="does not retry 4xx" time="0.002">
                      
                    </testcase>
          <system-out><![CDATA[]]></system-out>
          <system-err><![CDATA[]]></system-err>
        </testsuite>